e:\my documents\visual studio 2013\projects\zopperscanapi\debug\zopperscanapi.bsc
e:\my documents\visual studio 2013\projects\zopperscanapi\zopperscanapi\debug\vc120.pdb
e:\my documents\visual studio 2013\projects\zopperscanapi\zopperscanapi\debug\vc120.idb
e:\my documents\visual studio 2013\projects\zopperscanapi\zopperscanapi\debug\scanimage.sbr
e:\my documents\visual studio 2013\projects\zopperscanapi\zopperscanapi\debug\readdot.sbr
e:\my documents\visual studio 2013\projects\zopperscanapi\zopperscanapi\debug\main.sbr
e:\my documents\visual studio 2013\projects\zopperscanapi\zopperscanapi\debug\imagetemplate.sbr
e:\my documents\visual studio 2013\projects\zopperscanapi\zopperscanapi\debug\analyzeimage.sbr
e:\my documents\visual studio 2013\projects\zopperscanapi\zopperscanapi\debug\analyzeimage.obj
e:\my documents\visual studio 2013\projects\zopperscanapi\zopperscanapi\debug\imagetemplate.obj
e:\my documents\visual studio 2013\projects\zopperscanapi\zopperscanapi\debug\main.obj
e:\my documents\visual studio 2013\projects\zopperscanapi\zopperscanapi\debug\readdot.obj
e:\my documents\visual studio 2013\projects\zopperscanapi\zopperscanapi\debug\scanimage.obj
e:\my documents\visual studio 2013\projects\zopperscanapi\debug\zopperscanapi.ilk
e:\my documents\visual studio 2013\projects\zopperscanapi\debug\zopperscanapi.exe
e:\my documents\visual studio 2013\projects\zopperscanapi\debug\zopperscanapi.pdb
e:\my documents\visual studio 2013\projects\zopperscanapi\zopperscanapi\debug\vc140.idb
e:\my documents\visual studio 2013\projects\zopperscanapi\zopperscanapi\debug\vc140.pdb
e:\my documents\visual studio 2013\projects\zopperscanapi\zopperscanapi\debug\zopperscanapi.tlog\bscmake.command.1.tlog
e:\my documents\visual studio 2013\projects\zopperscanapi\zopperscanapi\debug\zopperscanapi.tlog\bscmake.read.1.tlog
e:\my documents\visual studio 2013\projects\zopperscanapi\zopperscanapi\debug\zopperscanapi.tlog\bscmake.write.1.tlog
e:\my documents\visual studio 2013\projects\zopperscanapi\zopperscanapi\debug\zopperscanapi.tlog\cl.command.1.tlog
e:\my documents\visual studio 2013\projects\zopperscanapi\zopperscanapi\debug\zopperscanapi.tlog\cl.read.1.tlog
e:\my documents\visual studio 2013\projects\zopperscanapi\zopperscanapi\debug\zopperscanapi.tlog\cl.write.1.tlog
e:\my documents\visual studio 2013\projects\zopperscanapi\zopperscanapi\debug\zopperscanapi.tlog\link.command.1.tlog
e:\my documents\visual studio 2013\projects\zopperscanapi\zopperscanapi\debug\zopperscanapi.tlog\link.read.1.tlog
e:\my documents\visual studio 2013\projects\zopperscanapi\zopperscanapi\debug\zopperscanapi.tlog\link.write.1.tlog
